Unity Editor version:    2021.3.6f1 (7da38d85baf6)
Branch:                  2021.3/staging
Build type:              Release
Batch mode:              YES
macOS version:           Version 12.2.1 (Build 21D62)
Darwin version:          21.3.0
Architecture:            x86_64
Running under Rosetta:   YES
Available memory:        8192 MB
Using pre-set license
Pro License: YES

COMMAND LINE ARGUMENTS:
/Applications/Unity/Hub/Editor/2021.3.6f1/Unity.app/Contents/MacOS/Unity
-adb2
-batchMode
-noUpm
-name
AssetImportWorker0
-projectPath
/Users/anahit/Downloads/CC_VFX
-logFile
Logs/AssetImportWorker0.log
-srvPort
50474
Successfully changed project path to: /Users/anahit/Downloads/CC_VFX
/Users/anahit/Downloads/CC_VFX
[UnityMemory] Configuration Parameters - Can be set up in boot.config
    "memorysetup-bucket-allocator-granularity=16"
    "memorysetup-bucket-allocator-bucket-count=8"
    "memorysetup-bucket-allocator-block-size=33554432"
    "memorysetup-bucket-allocator-block-count=8"
    "memorysetup-main-allocator-block-size=16777216"
    "memorysetup-thread-allocator-block-size=16777216"
    "memorysetup-gfx-main-allocator-block-size=16777216"
    "memorysetup-gfx-thread-allocator-block-size=16777216"
    "memorysetup-cache-allocator-block-size=4194304"
    "memorysetup-typetree-allocator-block-size=2097152"
    "memorysetup-profiler-bucket-allocator-granularity=16"
    "memorysetup-profiler-bucket-allocator-bucket-count=8"
    "memorysetup-profiler-bucket-allocator-block-size=33554432"
    "memorysetup-profiler-bucket-allocator-block-count=8"
    "memorysetup-profiler-allocator-block-size=16777216"
    "memorysetup-profiler-editor-allocator-block-size=1048576"
    "memorysetup-temp-allocator-size-main=16777216"
    "memorysetup-job-temp-allocator-block-size=2097152"
    "memorysetup-job-temp-allocator-block-size-background=1048576"
    "memorysetup-job-temp-allocator-reduction-small-platforms=262144"
    "memorysetup-temp-allocator-size-background-worker=32768"
    "memorysetup-temp-allocator-size-job-worker=262144"
    "memorysetup-temp-allocator-size-preload-manager=33554432"
    "memorysetup-temp-allocator-size-nav-mesh-worker=65536"
    "memorysetup-temp-allocator-size-audio-worker=65536"
    "memorysetup-temp-allocator-size-cloud-worker=32768"
    "memorysetup-temp-allocator-size-gi-baking-worker=262144"
    "memorysetup-temp-allocator-size-gfx=262144"
Refreshing native plugins compatible for Editor in 207.08 ms, found 2 plugins.
Preloading 0 native plugins for Editor in 0.00 ms.
Initialize engine version: 2021.3.6f1 (7da38d85baf6)
[Subsystems] Discovering subsystems at path /Applications/Unity/Hub/Editor/2021.3.6f1/Unity.app/Contents/Resources/UnitySubsystems
[Subsystems] Discovering subsystems at path /Users/anahit/Downloads/CC_VFX/Assets
GfxDevice: creating device client; threaded=0; jobified=0
 preferred device: Apple M1 (high power)
Metal devices available: 1
0: Apple M1 (high power)
Using device Apple M1 (high power)
Initializing Metal device caps: Apple M1
Initialize mono
Mono path[0] = '/Applications/Unity/Hub/Editor/2021.3.6f1/Unity.app/Contents/Managed'
Mono path[1] = '/Applications/Unity/Hub/Editor/2021.3.6f1/Unity.app/Contents/MonoBleedingEdge/lib/mono/unityjit-macos'
Mono config path = '/Applications/Unity/Hub/Editor/2021.3.6f1/Unity.app/Contents/MonoBleedingEdge/etc'
Using monoOptions --debugger-agent=transport=dt_socket,embedding=1,server=y,suspend=n,address=127.0.0.1:56738
Begin MonoManager ReloadAssembly
Registering precompiled unity dll's ...
Register platform support module: /Applications/Unity/Hub/Editor/2021.3.6f1/PlaybackEngines/WebGLSupport/UnityEditor.WebGL.Extensions.dll
Register platform support module: /Applications/Unity/Hub/Editor/2021.3.6f1/Unity.app/Contents/PlaybackEngines/MacStandaloneSupport/UnityEditor.OSXStandalone.Extensions.dll
Registered in 0.002492 seconds.
Native extension for OSXStandalone target not found
Native extension for WebGL target not found
Refreshing native plugins compatible for Editor in 134.65 ms, found 2 plugins.
Preloading 0 native plugins for Editor in 0.00 ms.
Mono: successfully reloaded assembly
- Completed reload, in  3.276 seconds
Domain Reload Profiling:
	ReloadAssembly (3279ms)
		BeginReloadAssembly (295ms)
			ExecutionOrderSort (0ms)
			DisableScriptedObjects (0ms)
			BackupInstance (0ms)
			ReleaseScriptingObjects (0ms)
			CreateAndSetChildDomain (5ms)
		EndReloadAssembly (2436ms)
			LoadAssemblies (290ms)
			RebuildTransferFunctionScriptingTraits (1ms)
			SetupTypeCache (273ms)
			ReleaseScriptCaches (0ms)
			RebuildScriptCaches (81ms)
			SetupLoadedEditorAssemblies (1755ms)
				LogAssemblyErrors (0ms)
				InitializePlatformSupportModulesInManaged (45ms)
				SetLoadedEditorAssemblies (1ms)
				RefreshPlugins (135ms)
				BeforeProcessingInitializeOnLoad (8ms)
				ProcessInitializeOnLoadAttributes (1124ms)
				ProcessInitializeOnLoadMethodAttributes (441ms)
				AfterProcessingInitializeOnLoad (0ms)
				EditorAssembliesLoaded (1ms)
			ExecutionOrderSort2 (0ms)
			AwakeInstancesAfterBackupRestoration (0ms)
Platform modules already initialized, skipping
Registering precompiled user dll's ...
Registered in 0.007858 seconds.
Begin MonoManager ReloadAssembly
Native extension for OSXStandalone target not found
Native extension for WebGL target not found
Refreshing native plugins compatible for Editor in 93.39 ms, found 2 plugins.
Preloading 0 native plugins for Editor in 0.00 ms.
Mono: successfully reloaded assembly
- Completed reload, in  4.398 seconds
Domain Reload Profiling:
	ReloadAssembly (4401ms)
		BeginReloadAssembly (543ms)
			ExecutionOrderSort (0ms)
			DisableScriptedObjects (91ms)
			BackupInstance (0ms)
			ReleaseScriptingObjects (0ms)
			CreateAndSetChildDomain (68ms)
		EndReloadAssembly (3325ms)
			LoadAssemblies (284ms)
			RebuildTransferFunctionScriptingTraits (0ms)
			SetupTypeCache (555ms)
			ReleaseScriptCaches (3ms)
			RebuildScriptCaches (131ms)
			SetupLoadedEditorAssemblies (2159ms)
				LogAssemblyErrors (0ms)
				InitializePlatformSupportModulesInManaged (45ms)
				SetLoadedEditorAssemblies (0ms)
				RefreshPlugins (93ms)
				BeforeProcessingInitializeOnLoad (215ms)
				ProcessInitializeOnLoadAttributes (1380ms)
				ProcessInitializeOnLoadMethodAttributes (425ms)
				AfterProcessingInitializeOnLoad (1ms)
				EditorAssembliesLoaded (0ms)
			ExecutionOrderSort2 (0ms)
			AwakeInstancesAfterBackupRestoration (17ms)
Platform modules already initialized, skipping
========================================================================
Worker process is ready to serve import requests
Launching external process: /Applications/Unity/Hub/Editor/2021.3.6f1/Unity.app/Contents/Tools/UnityShaderCompiler
Launched and connected shader compiler UnityShaderCompiler after 0.17 seconds
Refreshing native plugins compatible for Editor in 0.83 ms, found 2 plugins.
Preloading 0 native plugins for Editor in 0.00 ms.
Unloading 4016 Unused Serialized files (Serialized files now loaded: 0)
Unloading 31 unused Assets / (1.5 MB). Loaded Objects now: 4470.
Memory consumption went from 290.1 MB to 288.6 MB.
Total: 13.553167 ms (FindLiveObjects: 0.334125 ms CreateObjectMapping: 0.167041 ms MarkObjects: 10.923250 ms  DeleteObjects: 2.126667 ms)

AssetImportParameters requested are different than current active one (requested -> active):
  custom:video-decoder-ogg-theora: a1e56fd34408186e4bbccfd4996cb3dc -> 
  custom:container-muxer-webm: aa71ff27fc2769a1b78a27578f13a17b -> 
  custom:container-demuxer-webm: 4f35f7cbe854078d1ac9338744f61a02 -> 
  custom:video-encoder-webm-vp8: eb34c28f22e8b96e1ab97ce403110664 -> 
  custom:framework-osx-AVFoundation: e770b220cccbd017edd2c1fefb359320 -> 
  custom:audio-encoder-webm-vorbis: bf7c407c2cedff20999df2af8eb42d56 -> 
  custom:container-demuxer-ogg: 62fdf1f143b41e24485cea50d1cbac27 -> 
  custom:video-decoder-webm-vp8: 9c59270c3fd7afecdb556c50c9e8de78 -> 
  custom:audio-decoder-ogg-vorbis: bf7c407c2cedff20999df2af8eb42d56 -> 
========================================================================
Received Import Request.
  Time since last request: 27833.130385 seconds.
  path: Assets/UniversalRenderPipelineGlobalSettings.asset
  artifactKey: Guid(611cc9cc9175943ea9339dcbd291ece9) Importer(815301076,1909f56bfc062723c751e8b465ee728b)
Start importing Assets/UniversalRenderPipelineGlobalSettings.asset using Guid(611cc9cc9175943ea9339dcbd291ece9) Importer(815301076,1909f56bfc062723c751e8b465ee728b)  -> (artifact id: 'c574c17d1fe72065c19e0bea74a45ea5') in 0.527478 seconds 
========================================================================
Received Import Request.
  Time since last request: 0.002250 seconds.
  path: Assets/CreativeCore_VFX/VFX/Samples
  artifactKey: Guid(06eb30f3fedfe3c4488efc650b1150f7) Importer(815301076,1909f56bfc062723c751e8b465ee728b)
Start importing Assets/CreativeCore_VFX/VFX/Samples using Guid(06eb30f3fedfe3c4488efc650b1150f7) Importer(815301076,1909f56bfc062723c751e8b465ee728b)  -> (artifact id: 'f963b07e15562cae2fe066f1d8723c57') in 0.002154 seconds 
========================================================================
Received Import Request.
  Time since last request: 0.009597 seconds.
  path: Assets/CreativeCore_VFX/VFX/Samples/Fire
  artifactKey: Guid(dc7c64764d14a80488ad0c5e01bd8de5) Importer(815301076,1909f56bfc062723c751e8b465ee728b)
Start importing Assets/CreativeCore_VFX/VFX/Samples/Fire using Guid(dc7c64764d14a80488ad0c5e01bd8de5) Importer(815301076,1909f56bfc062723c751e8b465ee728b)  -> (artifact id: 'fa4ddf1ce34da96142d0f1c493d52ded') in 0.001590 seconds 
========================================================================
Received Import Request.
  Time since last request: 0.000392 seconds.
  path: Assets/CreativeCore_VFX/VFX/Samples/Fire/Fire_ParticleSystem_Prefab.prefab
  artifactKey: Guid(c7d67230f1fbbde4c86797e9b55749e3) Importer(815301076,1909f56bfc062723c751e8b465ee728b)
Start importing Assets/CreativeCore_VFX/VFX/Samples/Fire/Fire_ParticleSystem_Prefab.prefab using Guid(c7d67230f1fbbde4c86797e9b55749e3) Importer(815301076,1909f56bfc062723c751e8b465ee728b)  -> (artifact id: 'aadc81b20c34514569a633299d3db5eb') in 6.430195 seconds 
========================================================================
Received Import Request.
  Time since last request: 0.000331 seconds.
  path: Assets/CreativeCore_VFX/VFX
  artifactKey: Guid(f5977199b90e43d48b0e439e435b2a69) Importer(815301076,1909f56bfc062723c751e8b465ee728b)
Start importing Assets/CreativeCore_VFX/VFX using Guid(f5977199b90e43d48b0e439e435b2a69) Importer(815301076,1909f56bfc062723c751e8b465ee728b)  -> (artifact id: '839dc538be488812be94163dfa5a6753') in 0.001068 seconds 
========================================================================
Received Import Request.
  Time since last request: 0.000109 seconds.
  path: Assets/CreativeCore_VFX/VFX/Samples/Fire/FireMaterial.mat
  artifactKey: Guid(ee9b6ef7a96415640b1a67481fdcc5b4) Importer(815301076,1909f56bfc062723c751e8b465ee728b)
Start importing Assets/CreativeCore_VFX/VFX/Samples/Fire/FireMaterial.mat using Guid(ee9b6ef7a96415640b1a67481fdcc5b4) Importer(815301076,1909f56bfc062723c751e8b465ee728b)  -> (artifact id: 'edba01f443dcd754866bc4a2de6a8fc6') in 0.194282 seconds 
========================================================================
Received Import Request.
  Time since last request: 0.000486 seconds.
  path: Assets/CreativeCore_VFX/VFX/Samples/Fire/SparksTexture.png
  artifactKey: Guid(9573ee59aed008141857960369ee06a0) Importer(815301076,1909f56bfc062723c751e8b465ee728b)
Start importing Assets/CreativeCore_VFX/VFX/Samples/Fire/SparksTexture.png using Guid(9573ee59aed008141857960369ee06a0) Importer(815301076,1909f56bfc062723c751e8b465ee728b)  -> (artifact id: '9e073ced15a83f8f47b55463eefb93ee') in 0.146001 seconds 
========================================================================
Received Import Request.
  Time since last request: 0.000136 seconds.
  path: Assets/CreativeCore_VFX/VFX/Samples/Fire/SparksMaterial.mat
  artifactKey: Guid(66b74d66e1537114cabd1cab4e5054d4) Importer(815301076,1909f56bfc062723c751e8b465ee728b)
Start importing Assets/CreativeCore_VFX/VFX/Samples/Fire/SparksMaterial.mat using Guid(66b74d66e1537114cabd1cab4e5054d4) Importer(815301076,1909f56bfc062723c751e8b465ee728b)  -> (artifact id: '9675a521d1ac53ca15579baff9555cf6') in 0.021080 seconds 
========================================================================
Received Prepare
Registering precompiled user dll's ...
Registered in 0.001895 seconds.
Begin MonoManager ReloadAssembly
Native extension for OSXStandalone target not found
Native extension for WebGL target not found
Refreshing native plugins compatible for Editor in 5.03 ms, found 2 plugins.
Preloading 0 native plugins for Editor in 0.00 ms.
Mono: successfully reloaded assembly
- Completed reload, in  5.376 seconds
Domain Reload Profiling:
	ReloadAssembly (5381ms)
		BeginReloadAssembly (558ms)
			ExecutionOrderSort (0ms)
			DisableScriptedObjects (81ms)
			BackupInstance (0ms)
			ReleaseScriptingObjects (0ms)
			CreateAndSetChildDomain (182ms)
		EndReloadAssembly (4406ms)
			LoadAssemblies (268ms)
			RebuildTransferFunctionScriptingTraits (0ms)
			SetupTypeCache (583ms)
			ReleaseScriptCaches (4ms)
			RebuildScriptCaches (127ms)
			SetupLoadedEditorAssemblies (2869ms)
				LogAssemblyErrors (0ms)
				InitializePlatformSupportModulesInManaged (63ms)
				SetLoadedEditorAssemblies (3ms)
				RefreshPlugins (5ms)
				BeforeProcessingInitializeOnLoad (223ms)
				ProcessInitializeOnLoadAttributes (1746ms)
				ProcessInitializeOnLoadMethodAttributes (825ms)
				AfterProcessingInitializeOnLoad (3ms)
				EditorAssembliesLoaded (1ms)
			ExecutionOrderSort2 (0ms)
			AwakeInstancesAfterBackupRestoration (102ms)
Platform modules already initialized, skipping
Refreshing native plugins compatible for Editor in 2.55 ms, found 2 plugins.
Preloading 0 native plugins for Editor in 0.00 ms.
Unloading 3890 Unused Serialized files (Serialized files now loaded: 0)
Unloading 24 unused Assets / (1.4 MB). Loaded Objects now: 4559.
Memory consumption went from 305.9 MB to 304.5 MB.
Total: 8.814917 ms (FindLiveObjects: 0.385375 ms CreateObjectMapping: 0.314375 ms MarkObjects: 7.293166 ms  DeleteObjects: 0.820292 ms)

AssetImportParameters requested are different than current active one (requested -> active):
  custom:video-decoder-ogg-theora: a1e56fd34408186e4bbccfd4996cb3dc -> 
  custom:container-muxer-webm: aa71ff27fc2769a1b78a27578f13a17b -> 
  custom:container-demuxer-webm: 4f35f7cbe854078d1ac9338744f61a02 -> 
  custom:video-encoder-webm-vp8: eb34c28f22e8b96e1ab97ce403110664 -> 
  custom:framework-osx-AVFoundation: e770b220cccbd017edd2c1fefb359320 -> 
  custom:audio-encoder-webm-vorbis: bf7c407c2cedff20999df2af8eb42d56 -> 
  custom:container-demuxer-ogg: 62fdf1f143b41e24485cea50d1cbac27 -> 
  custom:video-decoder-webm-vp8: 9c59270c3fd7afecdb556c50c9e8de78 -> 
  custom:audio-decoder-ogg-vorbis: bf7c407c2cedff20999df2af8eb42d56 -> 
========================================================================
Received Import Request.
  Time since last request: 28.872099 seconds.
  path: Assets/CreativeCore_VFX/VFX/Samples/Fireflies/Fireflies_ParticleSystem_Prefab.prefab
  artifactKey: Guid(a4a9f552f4c001d47a129bec749df79b) Importer(815301076,1909f56bfc062723c751e8b465ee728b)
Start importing Assets/CreativeCore_VFX/VFX/Samples/Fireflies/Fireflies_ParticleSystem_Prefab.prefab using Guid(a4a9f552f4c001d47a129bec749df79b) Importer(815301076,1909f56bfc062723c751e8b465ee728b)  -> (artifact id: '7b33168bf1cb9a4b446f5b96f4b99bf5') in 1.333220 seconds 
========================================================================
Received Import Request.
  Time since last request: 0.000158 seconds.
  path: Assets/CreativeCore_VFX/VFX/Samples/Fireflies/GlowTexture.png
  artifactKey: Guid(98826fe9ed9d8ec4b8d6c3aaeb187c43) Importer(815301076,1909f56bfc062723c751e8b465ee728b)
Start importing Assets/CreativeCore_VFX/VFX/Samples/Fireflies/GlowTexture.png using Guid(98826fe9ed9d8ec4b8d6c3aaeb187c43) Importer(815301076,1909f56bfc062723c751e8b465ee728b)  -> (artifact id: '3f90c1c3bab4d7ed37957344463d40a9') in 0.061907 seconds 
========================================================================
Received Import Request.
  Time since last request: 0.000084 seconds.
  path: Assets/CreativeCore_VFX/VFX/Samples/Fireflies/GlowMaterial.mat
  artifactKey: Guid(aa247a0123f2c2c47a2f55d9632b5d18) Importer(815301076,1909f56bfc062723c751e8b465ee728b)
Start importing Assets/CreativeCore_VFX/VFX/Samples/Fireflies/GlowMaterial.mat using Guid(aa247a0123f2c2c47a2f55d9632b5d18) Importer(815301076,1909f56bfc062723c751e8b465ee728b)  -> (artifact id: '9089b4ec23a35afbbe7d6bfc6c6fcc0e') in 0.182164 seconds 
========================================================================
Received Import Request.
  Time since last request: 0.000103 seconds.
  path: Assets/CreativeCore_VFX/VFX/Samples/Fireflies/Fireflies_VFXGraph_Prefab.prefab
  artifactKey: Guid(39bcaf538f9376945b4872c5fb70a956) Importer(815301076,1909f56bfc062723c751e8b465ee728b)
Start importing Assets/CreativeCore_VFX/VFX/Samples/Fireflies/Fireflies_VFXGraph_Prefab.prefab using Guid(39bcaf538f9376945b4872c5fb70a956) Importer(815301076,1909f56bfc062723c751e8b465ee728b)  -> (artifact id: '5c89ad6eb9e90614323bfaef5c75a88a') in 0.041708 seconds 
========================================================================
Received Import Request.
  Time since last request: 10.582418 seconds.
  path: Assets/CreativeCore_VFX/VFX/Samples/Rain/Rain_ParticleSystem_Prefab.prefab
  artifactKey: Guid(3cc5a597a38cf6c46bc374e7192b5cc1) Importer(815301076,1909f56bfc062723c751e8b465ee728b)
Start importing Assets/CreativeCore_VFX/VFX/Samples/Rain/Rain_ParticleSystem_Prefab.prefab using Guid(3cc5a597a38cf6c46bc374e7192b5cc1) Importer(815301076,1909f56bfc062723c751e8b465ee728b)  -> (artifact id: '53a1721cb03db7c7a5ab1da80adcbd70') in 0.424048 seconds 
========================================================================
Received Import Request.
  Time since last request: 0.000359 seconds.
  path: Assets/CreativeCore_VFX/VFX/Samples/Rain/Rain_VFXGraph_Prefab.prefab
  artifactKey: Guid(445582fe6d8e62c489e27d1dc38217e2) Importer(815301076,1909f56bfc062723c751e8b465ee728b)
Start importing Assets/CreativeCore_VFX/VFX/Samples/Rain/Rain_VFXGraph_Prefab.prefab using Guid(445582fe6d8e62c489e27d1dc38217e2) Importer(815301076,1909f56bfc062723c751e8b465ee728b)  -> (artifact id: '9b1c42e580a36ecb15dbc9802eaf1885') in 0.084445 seconds 
========================================================================
Received Import Request.
  Time since last request: 0.000911 seconds.
  path: Assets/CreativeCore_VFX/VFX/Samples/Rain/RaindropTexture.png
  artifactKey: Guid(f2b09b17172da3848b36e593ec6ffbf4) Importer(815301076,1909f56bfc062723c751e8b465ee728b)
Start importing Assets/CreativeCore_VFX/VFX/Samples/Rain/RaindropTexture.png using Guid(f2b09b17172da3848b36e593ec6ffbf4) Importer(815301076,1909f56bfc062723c751e8b465ee728b)  -> (artifact id: '3c6789311b45999233bab17f50c1326b') in 0.041422 seconds 
========================================================================
Received Import Request.
  Time since last request: 0.000100 seconds.
  path: Assets/CreativeCore_VFX/VFX/Samples/Rain/RaindropMaterial.mat
  artifactKey: Guid(74c2b543327d1174082329e8e9efdb63) Importer(815301076,1909f56bfc062723c751e8b465ee728b)
Start importing Assets/CreativeCore_VFX/VFX/Samples/Rain/RaindropMaterial.mat using Guid(74c2b543327d1174082329e8e9efdb63) Importer(815301076,1909f56bfc062723c751e8b465ee728b)  -> (artifact id: '6a1fb122bf9fb63ed50649618fa00ea3') in 0.028763 seconds 
========================================================================
Received Prepare
Registering precompiled user dll's ...
Registered in 0.002460 seconds.
Begin MonoManager ReloadAssembly
Native extension for OSXStandalone target not found
Native extension for WebGL target not found
Refreshing native plugins compatible for Editor in 1.19 ms, found 2 plugins.
Preloading 0 native plugins for Editor in 0.00 ms.
Mono: successfully reloaded assembly
- Completed reload, in  4.850 seconds
Domain Reload Profiling:
	ReloadAssembly (4854ms)
		BeginReloadAssembly (569ms)
			ExecutionOrderSort (0ms)
			DisableScriptedObjects (82ms)
			BackupInstance (0ms)
			ReleaseScriptingObjects (0ms)
			CreateAndSetChildDomain (184ms)
		EndReloadAssembly (3864ms)
			LoadAssemblies (279ms)
			RebuildTransferFunctionScriptingTraits (0ms)
			SetupTypeCache (557ms)
			ReleaseScriptCaches (2ms)
			RebuildScriptCaches (125ms)
			SetupLoadedEditorAssemblies (2471ms)
				LogAssemblyErrors (0ms)
				InitializePlatformSupportModulesInManaged (62ms)
				SetLoadedEditorAssemblies (3ms)
				RefreshPlugins (1ms)
				BeforeProcessingInitializeOnLoad (220ms)
				ProcessInitializeOnLoadAttributes (1683ms)
				ProcessInitializeOnLoadMethodAttributes (500ms)
				AfterProcessingInitializeOnLoad (1ms)
				EditorAssembliesLoaded (1ms)
			ExecutionOrderSort2 (0ms)
			AwakeInstancesAfterBackupRestoration (96ms)
Platform modules already initialized, skipping
Refreshing native plugins compatible for Editor in 2.92 ms, found 2 plugins.
Preloading 0 native plugins for Editor in 0.00 ms.
Unloading 3890 Unused Serialized files (Serialized files now loaded: 0)
Unloading 24 unused Assets / (1.4 MB). Loaded Objects now: 4602.
Memory consumption went from 306.3 MB to 304.9 MB.
Total: 9.896584 ms (FindLiveObjects: 0.444917 ms CreateObjectMapping: 0.351625 ms MarkObjects: 8.278083 ms  DeleteObjects: 0.820167 ms)

AssetImportParameters requested are different than current active one (requested -> active):
  custom:video-decoder-ogg-theora: a1e56fd34408186e4bbccfd4996cb3dc -> 
  custom:container-muxer-webm: aa71ff27fc2769a1b78a27578f13a17b -> 
  custom:container-demuxer-webm: 4f35f7cbe854078d1ac9338744f61a02 -> 
  custom:video-encoder-webm-vp8: eb34c28f22e8b96e1ab97ce403110664 -> 
  custom:framework-osx-AVFoundation: e770b220cccbd017edd2c1fefb359320 -> 
  custom:audio-encoder-webm-vorbis: bf7c407c2cedff20999df2af8eb42d56 -> 
  custom:container-demuxer-ogg: 62fdf1f143b41e24485cea50d1cbac27 -> 
  custom:video-decoder-webm-vp8: 9c59270c3fd7afecdb556c50c9e8de78 -> 
  custom:audio-decoder-ogg-vorbis: bf7c407c2cedff20999df2af8eb42d56 -> 
========================================================================
Received Prepare
Registering precompiled user dll's ...
Registered in 0.003268 seconds.
Begin MonoManager ReloadAssembly
Native extension for OSXStandalone target not found
Native extension for WebGL target not found
Refreshing native plugins compatible for Editor in 0.98 ms, found 2 plugins.
Preloading 0 native plugins for Editor in 0.00 ms.
Mono: successfully reloaded assembly
- Completed reload, in  5.233 seconds
Domain Reload Profiling:
	ReloadAssembly (5240ms)
		BeginReloadAssembly (442ms)
			ExecutionOrderSort (0ms)
			DisableScriptedObjects (79ms)
			BackupInstance (0ms)
			ReleaseScriptingObjects (0ms)
			CreateAndSetChildDomain (118ms)
		EndReloadAssembly (4425ms)
			LoadAssemblies (218ms)
			RebuildTransferFunctionScriptingTraits (0ms)
			SetupTypeCache (522ms)
			ReleaseScriptCaches (2ms)
			RebuildScriptCaches (116ms)
			SetupLoadedEditorAssemblies (2993ms)
				LogAssemblyErrors (0ms)
				InitializePlatformSupportModulesInManaged (58ms)
				SetLoadedEditorAssemblies (2ms)
				RefreshPlugins (1ms)
				BeforeProcessingInitializeOnLoad (216ms)
				ProcessInitializeOnLoadAttributes (1656ms)
				ProcessInitializeOnLoadMethodAttributes (1056ms)
				AfterProcessingInitializeOnLoad (2ms)
				EditorAssembliesLoaded (1ms)
			ExecutionOrderSort2 (0ms)
			AwakeInstancesAfterBackupRestoration (95ms)
Platform modules already initialized, skipping
Refreshing native plugins compatible for Editor in 2.77 ms, found 2 plugins.
Preloading 0 native plugins for Editor in 0.00 ms.
Unloading 3891 Unused Serialized files (Serialized files now loaded: 0)
Unloading 24 unused Assets / (1.5 MB). Loaded Objects now: 4605.
Memory consumption went from 306.6 MB to 305.1 MB.
Total: 9.716875 ms (FindLiveObjects: 0.405917 ms CreateObjectMapping: 0.301584 ms MarkObjects: 8.127333 ms  DeleteObjects: 0.880000 ms)

AssetImportParameters requested are different than current active one (requested -> active):
  custom:video-decoder-ogg-theora: a1e56fd34408186e4bbccfd4996cb3dc -> 
  custom:container-muxer-webm: aa71ff27fc2769a1b78a27578f13a17b -> 
  custom:container-demuxer-webm: 4f35f7cbe854078d1ac9338744f61a02 -> 
  custom:video-encoder-webm-vp8: eb34c28f22e8b96e1ab97ce403110664 -> 
  custom:framework-osx-AVFoundation: e770b220cccbd017edd2c1fefb359320 -> 
  custom:audio-encoder-webm-vorbis: bf7c407c2cedff20999df2af8eb42d56 -> 
  custom:container-demuxer-ogg: 62fdf1f143b41e24485cea50d1cbac27 -> 
  custom:video-decoder-webm-vp8: 9c59270c3fd7afecdb556c50c9e8de78 -> 
  custom:audio-decoder-ogg-vorbis: bf7c407c2cedff20999df2af8eb42d56 -> 
========================================================================
Received Prepare
Registering precompiled user dll's ...
Registered in 0.002628 seconds.
Begin MonoManager ReloadAssembly
Native extension for OSXStandalone target not found
Native extension for WebGL target not found
Refreshing native plugins compatible for Editor in 0.92 ms, found 2 plugins.
Preloading 0 native plugins for Editor in 0.00 ms.
Mono: successfully reloaded assembly
- Completed reload, in  5.345 seconds
Domain Reload Profiling:
	ReloadAssembly (5350ms)
		BeginReloadAssembly (460ms)
			ExecutionOrderSort (0ms)
			DisableScriptedObjects (77ms)
			BackupInstance (0ms)
			ReleaseScriptingObjects (0ms)
			CreateAndSetChildDomain (125ms)
		EndReloadAssembly (4478ms)
			LoadAssemblies (232ms)
			RebuildTransferFunctionScriptingTraits (0ms)
			SetupTypeCache (556ms)
			ReleaseScriptCaches (2ms)
			RebuildScriptCaches (124ms)
			SetupLoadedEditorAssemblies (2989ms)
				LogAssemblyErrors (0ms)
				InitializePlatformSupportModulesInManaged (66ms)
				SetLoadedEditorAssemblies (2ms)
				RefreshPlugins (1ms)
				BeforeProcessingInitializeOnLoad (205ms)
				ProcessInitializeOnLoadAttributes (1880ms)
				ProcessInitializeOnLoadMethodAttributes (831ms)
				AfterProcessingInitializeOnLoad (2ms)
				EditorAssembliesLoaded (1ms)
			ExecutionOrderSort2 (0ms)
			AwakeInstancesAfterBackupRestoration (95ms)
Platform modules already initialized, skipping
Refreshing native plugins compatible for Editor in 2.91 ms, found 2 plugins.
Preloading 0 native plugins for Editor in 0.00 ms.
Unloading 3891 Unused Serialized files (Serialized files now loaded: 0)
Unloading 24 unused Assets / (1.5 MB). Loaded Objects now: 4608.
Memory consumption went from 306.8 MB to 305.4 MB.
Total: 8.345709 ms (FindLiveObjects: 0.453542 ms CreateObjectMapping: 0.280458 ms MarkObjects: 6.715459 ms  DeleteObjects: 0.894291 ms)

AssetImportParameters requested are different than current active one (requested -> active):
  custom:video-decoder-ogg-theora: a1e56fd34408186e4bbccfd4996cb3dc -> 
  custom:container-muxer-webm: aa71ff27fc2769a1b78a27578f13a17b -> 
  custom:container-demuxer-webm: 4f35f7cbe854078d1ac9338744f61a02 -> 
  custom:video-encoder-webm-vp8: eb34c28f22e8b96e1ab97ce403110664 -> 
  custom:framework-osx-AVFoundation: e770b220cccbd017edd2c1fefb359320 -> 
  custom:audio-encoder-webm-vorbis: bf7c407c2cedff20999df2af8eb42d56 -> 
  custom:container-demuxer-ogg: 62fdf1f143b41e24485cea50d1cbac27 -> 
  custom:video-decoder-webm-vp8: 9c59270c3fd7afecdb556c50c9e8de78 -> 
  custom:audio-decoder-ogg-vorbis: bf7c407c2cedff20999df2af8eb42d56 -> 
========================================================================
Received Prepare
Registering precompiled user dll's ...
Registered in 0.002430 seconds.
Begin MonoManager ReloadAssembly
Native extension for OSXStandalone target not found
Native extension for WebGL target not found
Refreshing native plugins compatible for Editor in 1.01 ms, found 2 plugins.
Preloading 0 native plugins for Editor in 0.00 ms.
Mono: successfully reloaded assembly
- Completed reload, in  5.245 seconds
Domain Reload Profiling:
	ReloadAssembly (5252ms)
		BeginReloadAssembly (463ms)
			ExecutionOrderSort (0ms)
			DisableScriptedObjects (75ms)
			BackupInstance (0ms)
			ReleaseScriptingObjects (0ms)
			CreateAndSetChildDomain (130ms)
		EndReloadAssembly (4386ms)
			LoadAssemblies (239ms)
			RebuildTransferFunctionScriptingTraits (0ms)
			SetupTypeCache (542ms)
			ReleaseScriptCaches (2ms)
			RebuildScriptCaches (125ms)
			SetupLoadedEditorAssemblies (2873ms)
				LogAssemblyErrors (0ms)
				InitializePlatformSupportModulesInManaged (91ms)
				SetLoadedEditorAssemblies (2ms)
				RefreshPlugins (1ms)
				BeforeProcessingInitializeOnLoad (216ms)
				ProcessInitializeOnLoadAttributes (1736ms)
				ProcessInitializeOnLoadMethodAttributes (822ms)
				AfterProcessingInitializeOnLoad (3ms)
				EditorAssembliesLoaded (1ms)
			ExecutionOrderSort2 (0ms)
			AwakeInstancesAfterBackupRestoration (125ms)
Platform modules already initialized, skipping
Refreshing native plugins compatible for Editor in 3.78 ms, found 2 plugins.
Preloading 0 native plugins for Editor in 0.00 ms.
Unloading 3891 Unused Serialized files (Serialized files now loaded: 0)
Unloading 24 unused Assets / (1.5 MB). Loaded Objects now: 4611.
Memory consumption went from 307.1 MB to 305.6 MB.
Total: 18.813125 ms (FindLiveObjects: 1.240375 ms CreateObjectMapping: 0.847000 ms MarkObjects: 15.619167 ms  DeleteObjects: 1.104166 ms)

AssetImportParameters requested are different than current active one (requested -> active):
  custom:video-decoder-ogg-theora: a1e56fd34408186e4bbccfd4996cb3dc -> 
  custom:container-muxer-webm: aa71ff27fc2769a1b78a27578f13a17b -> 
  custom:container-demuxer-webm: 4f35f7cbe854078d1ac9338744f61a02 -> 
  custom:video-encoder-webm-vp8: eb34c28f22e8b96e1ab97ce403110664 -> 
  custom:framework-osx-AVFoundation: e770b220cccbd017edd2c1fefb359320 -> 
  custom:audio-encoder-webm-vorbis: bf7c407c2cedff20999df2af8eb42d56 -> 
  custom:container-demuxer-ogg: 62fdf1f143b41e24485cea50d1cbac27 -> 
  custom:video-decoder-webm-vp8: 9c59270c3fd7afecdb556c50c9e8de78 -> 
  custom:audio-decoder-ogg-vorbis: bf7c407c2cedff20999df2af8eb42d56 -> 
AssetImportWorkerClient::OnTransportError - code=2 error=End of file
